<testsuite name="test1.Comparing numbers" tests="2" errors="0" failures="1" skipped="0" time="0.000353" timestamp="2023-01-31T14:22:43.664307" hostname="GU274"><testcase classname="test1.Comparing numbers" name="Compare two variables with the same value" status="passed" time="0.000255"><system-out>
<![CDATA[
@scenario.begin
  Scenario: Compare two variables with the same value
    Given Define variables x and y ... passed in 0.000s
    When Add 1 to x ... passed in 0.000s
    And Add 1 to y ... passed in 0.000s
    Then x is equal to y ... passed in 0.000s

@scenario.end
--------------------------------------------------------------------------------
]]>
</system-out></testcase><testcase classname="test1.Comparing numbers" name="Compare two variables with the same value" status="failed" time="9.8e-05"><failure type="AssertionError" message="Numbers are not equal">
<![CDATA[
Failing step: Then x is equal to y ... failed in 0.000s
Location: test1.feature:15
Assertion Failed: Numbers are not equal]]>
</failure><system-out>
<![CDATA[
@scenario.begin
  Scenario: Compare two variables with the same value
    Given Define variables x and y ... passed in 0.000s
    When Add 1 to x ... passed in 0.000s
    Then x is equal to y ... failed in 0.000s

@scenario.end
--------------------------------------------------------------------------------
]]>
</system-out></testcase></testsuite>